ERROR:root:Failed to send email to alicesmith8486@example.com: (535, b'5.7.8 Username and Password not accepted. For more information, go to\n5.7.8  https://support.google.com/mail/?p=BadCredentials d9443c01a7336-1f094b4c84dsm2228105ad.219 - gsmtp')
ERROR:root:Failed to send email to alicesmith9818@example.com: (535, b'5.7.8 Username and Password not accepted. For more information, go to\n5.7.8  https://support.google.com/mail/?p=BadCredentials d9443c01a7336-1ef0c137fc2sm109412835ad.258 - gsmtp')
ERROR:root:Failed to send email to jamestaylor9410@example.com: (535, b'5.7.8 Username and Password not accepted. For more information, go to\n5.7.8  https://support.google.com/mail/?p=BadCredentials 98e67ed59e1d1-2b695f8d058sm9892967a91.2 - gsmtp')
ERROR:root:Failed to send email to davidtaylor7399@example.com: (535, b'5.7.8 Username and Password not accepted. For more information, go to\n5.7.8  https://support.google.com/mail/?p=BadCredentials d9443c01a7336-1ef0c137f14sm109575275ad.259 - gsmtp')
ERROR:root:Failed to send email to jamessmith6920@example.com: (535, b'5.7.8 Username and Password not accepted. For more information, go to\n5.7.8  https://support.google.com/mail/?p=BadCredentials d9443c01a7336-1ef0c136d53sm109690915ad.254 - gsmtp')
ERROR:root:Failed to send email to davidsmith1661@example.com: (535, b'5.7.8 Username and Password not accepted. For more information, go to\n5.7.8  https://support.google.com/mail/?p=BadCredentials 41be03b00d2f7-6340b769457sm10710393a12.33 - gsmtp')
ERROR:root:Failed to send email to jamesjackson5982@example.com: (535, b'5.7.8 Username and Password not accepted. For more information, go to\n5.7.8  https://support.google.com/mail/?p=BadCredentials d2e1a72fcca58-6f4d2ae0da1sm10268473b3a.107 - gsmtp')
ERROR:root:Failed to send email to sarahjones2467@example.com: (535, b'5.7.8 Username and Password not accepted. For more information, go to\n5.7.8  https://support.google.com/mail/?p=BadCredentials d2e1a72fcca58-6f4d2af2a42sm10628917b3a.149 - gsmtp')
ERROR:root:Failed to send email to michaelsmith0840@example.com: (535, b'5.7.8 Username and Password not accepted. For more information, go to\n5.7.8  https://support.google.com/mail/?p=BadCredentials 98e67ed59e1d1-2b67126ad88sm10900584a91.27 - gsmtp')
ERROR:root:Failed to send email to alicebrown4808@example.com: (535, b'5.7.8 Username and Password not accepted. For more information, go to\n5.7.8  https://support.google.com/mail/?p=BadCredentials d9443c01a7336-1ef0badcbacsm109690425ad.97 - gsmtp')
ERROR:root:Failed to send email to janewilson9975@example.com: (535, b'5.7.8 Username and Password not accepted. For more information, go to\n5.7.8  https://support.google.com/mail/?p=BadCredentials 98e67ed59e1d1-2b62886b5cesm12753501a91.26 - gsmtp')
ERROR:root:Failed to send email to sarahwilson4049@example.com: (535, b'5.7.8 Username and Password not accepted. For more information, go to\n5.7.8  https://support.google.com/mail/?p=BadCredentials 41be03b00d2f7-634103f6e2dsm9184883a12.61 - gsmtp')
ERROR:root:Failed to send email to williamjackson4385@example.com: (535, b'5.7.8 Username and Password not accepted. For more information, go to\n5.7.8  https://support.google.com/mail/?p=BadCredentials d2e1a72fcca58-6f4d2b301d3sm10252851b3a.205 - gsmtp')
ERROR:root:Failed to send email to emilydoe0063@example.com: (535, b'5.7.8 Username and Password not accepted. For more information, go to\n5.7.8  https://support.google.com/mail/?p=BadCredentials d2e1a72fcca58-6f4d2af2b30sm10610214b3a.146 - gsmtp')
ERROR:root:Failed to send email to johndoe1058@example.com: (535, b'5.7.8 Username and Password not accepted. For more information, go to\n5.7.8  https://support.google.com/mail/?p=BadCredentials d9443c01a7336-1ef0c037520sm109519335ad.194 - gsmtp')
ERROR:root:Failed to send email to michaelbrown0445@example.com: (535, b'5.7.8 Username and Password not accepted. For more information, go to\n5.7.8  https://support.google.com/mail/?p=BadCredentials d9443c01a7336-1ef0b9d16afsm109595495ad.19 - gsmtp')
ERROR:root:Failed to send email to williamthomas7289@example.com: (535, b'5.7.8 Username and Password not accepted. For more information, go to\n5.7.8  https://support.google.com/mail/?p=BadCredentials 41be03b00d2f7-6340a449e0esm10576415a12.13 - gsmtp')
ERROR:root:Failed to send email to emilytaylor7316@example.com: (535, b'5.7.8 Username and Password not accepted. For more information, go to\n5.7.8  https://support.google.com/mail/?p=BadCredentials 98e67ed59e1d1-2b67126ade4sm10884279a91.29 - gsmtp')
ERROR:root:Failed to send email to alicedoe1727@example.com: (535, b'5.7.8 Username and Password not accepted. For more information, go to\n5.7.8  https://support.google.com/mail/?p=BadCredentials d2e1a72fcca58-6f4d2ae0f7fsm10249776b3a.120 - gsmtp')
ERROR:root:Failed to send email to johnwilson0883@example.com: (535, b'5.7.8 Username and Password not accepted. For more information, go to\n5.7.8  https://support.google.com/mail/?p=BadCredentials d9443c01a7336-1ef0b9d3565sm108975285ad.30 - gsmtp')
ERROR:root:Failed to send email to davidanderson2196@example.com: (535, b'5.7.8 Username and Password not accepted. For more information, go to\n5.7.8  https://support.google.com/mail/?p=BadCredentials d9443c01a7336-1ef0bf311d0sm109249885ad.132 - gsmtp')
ERROR:root:Failed to send email to emilydoe9445@example.com: (535, b'5.7.8 Username and Password not accepted. For more information, go to\n5.7.8  https://support.google.com/mail/?p=BadCredentials 98e67ed59e1d1-2b9ddbcf05csm496061a91.45 - gsmtp')
ERROR:root:Failed to send email to jamesanderson5554@example.com: (535, b'5.7.8 Username and Password not accepted. For more information, go to\n5.7.8  https://support.google.com/mail/?p=BadCredentials d9443c01a7336-1ef0c136354sm109427035ad.244 - gsmtp')
ERROR:root:Failed to send email to jamesjones8294@example.com: (535, b'5.7.8 Username and Password not accepted. For more information, go to\n5.7.8  https://support.google.com/mail/?p=BadCredentials d2e1a72fcca58-6f4d2af2a37sm10223205b3a.161 - gsmtp')
ERROR:root:Failed to send email to sarahjohnson5700@example.com: (535, b'5.7.8 Username and Password not accepted. For more information, go to\n5.7.8  https://support.google.com/mail/?p=BadCredentials d9443c01a7336-1ef0bad7eb8sm109386475ad.90 - gsmtp')
ERROR:root:Failed to send email to emilywilson0170@example.com: (535, b'5.7.8 Username and Password not accepted. For more information, go to\n5.7.8  https://support.google.com/mail/?p=BadCredentials d9443c01a7336-1ef0c134155sm109706475ad.231 - gsmtp')
ERROR:root:Failed to send email to jamesanderson4687@example.com: (535, b'5.7.8 Username and Password not accepted. For more information, go to\n5.7.8  https://support.google.com/mail/?p=BadCredentials 41be03b00d2f7-6340b767b36sm10796352a12.32 - gsmtp')
ERROR:root:Failed to send email to alicejones0499@example.com: (535, b'5.7.8 Username and Password not accepted. For more information, go to\n5.7.8  https://support.google.com/mail/?p=BadCredentials d2e1a72fcca58-6f4d2a6660bsm10285046b3a.8 - gsmtp')
ERROR:root:Failed to send email to janesmith4502@example.com: (535, b'5.7.8 Username and Password not accepted. For more information, go to\n5.7.8  https://support.google.com/mail/?p=BadCredentials d9443c01a7336-1ef0c134e96sm109421765ad.245 - gsmtp')
ERROR:root:Failed to send email to davidbrown5917@example.com: (535, b'5.7.8 Username and Password not accepted. For more information, go to\n5.7.8  https://support.google.com/mail/?p=BadCredentials d9443c01a7336-1ef0c134ce8sm109608585ad.243 - gsmtp')
ERROR:root:Failed to send email to emilyanderson5301@example.com: (535, b'5.7.8 Username and Password not accepted. For more information, go to\n5.7.8  https://support.google.com/mail/?p=BadCredentials d2e1a72fcca58-6f4d2ae2c11sm10307395b3a.113 - gsmtp')
ERROR:root:Failed to send email to williamwilson1688@example.com: (535, b'5.7.8 Username and Password not accepted. For more information, go to\n5.7.8  https://support.google.com/mail/?p=BadCredentials d9443c01a7336-1ef0c136b24sm109550755ad.255 - gsmtp')
ERROR:root:Failed to send email to aliceanderson9518@example.com: (535, b'5.7.8 Username and Password not accepted. For more information, go to\n5.7.8  https://support.google.com/mail/?p=BadCredentials d2e1a72fcca58-6f4d2af2a77sm10634605b3a.144 - gsmtp')
ERROR:root:Failed to send email to alicejackson3035@example.com: (535, b'5.7.8 Username and Password not accepted. For more information, go to\n5.7.8  https://support.google.com/mail/?p=BadCredentials d2e1a72fcca58-6f4d2b26ceasm10263842b3a.187 - gsmtp')
ERROR:root:Failed to send email to emmawilson5714@example.com: (535, b'5.7.8 Username and Password not accepted. For more information, go to\n5.7.8  https://support.google.com/mail/?p=BadCredentials d9443c01a7336-1ef0c137e7esm106600995ad.257 - gsmtp')
ERROR:root:Failed to send email to emmasmith9575@example.com: (535, b'5.7.8 Username and Password not accepted. For more information, go to\n5.7.8  https://support.google.com/mail/?p=BadCredentials d9443c01a7336-1ef0c035dc3sm108976985ad.197 - gsmtp')
ERROR:root:Failed to send email to michaeltaylor6404@example.com: (535, b'5.7.8 Username and Password not accepted. For more information, go to\n5.7.8  https://support.google.com/mail/?p=BadCredentials 98e67ed59e1d1-2b6711660b9sm10855909a91.14 - gsmtp')
ERROR:root:Failed to send email to johnthomas4767@example.com: (535, b'5.7.8 Username and Password not accepted. For more information, go to\n5.7.8  https://support.google.com/mail/?p=BadCredentials d2e1a72fcca58-6f4d2a86a5asm10254141b3a.81 - gsmtp')
ERROR:root:Failed to send email to emilythomas8139@example.com: (535, b'5.7.8 Username and Password not accepted. For more information, go to\n5.7.8  https://support.google.com/mail/?p=BadCredentials 41be03b00d2f7-654f2660b37sm486170a12.28 - gsmtp')
ERROR:root:Failed to send email to janejohnson2568@example.com: (535, b'5.7.8 Username and Password not accepted. For more information, go to\n5.7.8  https://support.google.com/mail/?p=BadCredentials d9443c01a7336-1ef0b9d1865sm109172685ad.53 - gsmtp')
ERROR:root:Failed to send email to jamesjohnson6098@example.com: (535, b'5.7.8 Username and Password not accepted. For more information, go to\n5.7.8  https://support.google.com/mail/?p=BadCredentials d9443c01a7336-1ef0b9d16dasm109809805ad.15 - gsmtp')
ERROR:root:Failed to send email to williamjones0801@example.com: (535, b'5.7.8 Username and Password not accepted. For more information, go to\n5.7.8  https://support.google.com/mail/?p=BadCredentials d2e1a72fcca58-6f4d2ae1193sm10241787b3a.133 - gsmtp')
ERROR:root:Failed to send email to emmawilson3246@example.com: (535, b'5.7.8 Username and Password not accepted. For more information, go to\n5.7.8  https://support.google.com/mail/?p=BadCredentials 98e67ed59e1d1-2b628ca5117sm12732274a91.40 - gsmtp')
ERROR:root:Failed to send email to janedoe0462@example.com: (535, b'5.7.8 Username and Password not accepted. For more information, go to\n5.7.8  https://support.google.com/mail/?p=BadCredentials d2e1a72fcca58-6f4d2b2f9eesm10263909b3a.212 - gsmtp')
ERROR:root:Failed to send email to emilytaylor6503@example.com: (535, b'5.7.8 Username and Password not accepted. For more information, go to\n5.7.8  https://support.google.com/mail/?p=BadCredentials 98e67ed59e1d1-2b628ca5109sm12675774a91.38 - gsmtp')
ERROR:root:Failed to send email to johnbrown7172@example.com: (535, b'5.7.8 Username and Password not accepted. For more information, go to\n5.7.8  https://support.google.com/mail/?p=BadCredentials d9443c01a7336-1ef0bf30c95sm108640725ad.125 - gsmtp')
ERROR:root:Failed to send email to sarahdoe4013@example.com: (535, b'5.7.8 Username and Password not accepted. For more information, go to\n5.7.8  https://support.google.com/mail/?p=BadCredentials d2e1a72fcca58-6f4d2ade297sm10302243b3a.121 - gsmtp')
ERROR:root:Failed to send email to jamesbrown8503@example.com: (535, b'5.7.8 Username and Password not accepted. For more information, go to\n5.7.8  https://support.google.com/mail/?p=BadCredentials d9443c01a7336-1ef0b9d1642sm109253715ad.31 - gsmtp')
ERROR:root:Failed to send email to janeanderson6479@example.com: (535, b'5.7.8 Username and Password not accepted. For more information, go to\n5.7.8  https://support.google.com/mail/?p=BadCredentials 98e67ed59e1d1-2b67126ade4sm10887648a91.29 - gsmtp')
ERROR:root:Failed to send email to sarahjohnson5079@example.com: (535, b'5.7.8 Username and Password not accepted. For more information, go to\n5.7.8  https://support.google.com/mail/?p=BadCredentials d2e1a72fcca58-6f4d2af2ba4sm10179645b3a.168 - gsmtp')
ERROR:root:Failed to send email to daviddoe1841@example.com: (535, b'5.7.8 Username and Password not accepted. For more information, go to\n5.7.8  https://support.google.com/mail/?p=BadCredentials d9443c01a7336-1ef0b9d44e0sm112538545ad.4 - gsmtp')
ERROR:root:Failed to send email to emilywilson1746@example.com: (535, b'5.7.8 Username and Password not accepted. For more information, go to\n5.7.8  https://support.google.com/mail/?p=BadCredentials d9443c01a7336-1ef0b9d17fcsm109606885ad.37 - gsmtp')
ERROR:root:Failed to send email to emilywilson1125@example.com: (535, b'5.7.8 Username and Password not accepted. For more information, go to\n5.7.8  https://support.google.com/mail/?p=BadCredentials d2e1a72fcca58-6f67678336fsm504853b3a.59 - gsmtp')
ERROR:root:Failed to send email to williamanderson0616@example.com: (535, b'5.7.8 Username and Password not accepted. For more information, go to\n5.7.8  https://support.google.com/mail/?p=BadCredentials 98e67ed59e1d1-2b628966cdesm12743210a91.34 - gsmtp')
ERROR:root:Failed to send email to janejohnson4877@example.com: (535, b'5.7.8 Username and Password not accepted. For more information, go to\n5.7.8  https://support.google.com/mail/?p=BadCredentials d2e1a72fcca58-6f4d2ae0f62sm10258373b3a.103 - gsmtp')
ERROR:root:Failed to send email to jamesthomas7867@example.com: (535, b'5.7.8 Username and Password not accepted. For more information, go to\n5.7.8  https://support.google.com/mail/?p=BadCredentials d9443c01a7336-1ef49cf8d5csm91972505ad.95 - gsmtp')
ERROR:root:Failed to send email to michaelanderson4593@example.com: (535, b'5.7.8 Username and Password not accepted. For more information, go to\n5.7.8  https://support.google.com/mail/?p=BadCredentials d2e1a72fcca58-6f677a20c6bsm387723b3a.129 - gsmtp')
ERROR:root:Failed to send email to jamesbrown1938@example.com: (535, b'5.7.8 Username and Password not accepted. For more information, go to\n5.7.8  https://support.google.com/mail/?p=BadCredentials d2e1a72fcca58-6f66e4a24f4sm1748111b3a.0 - gsmtp')
ERROR:root:Failed to send email to jamesdoe0741@example.com: (535, b'5.7.8 Username and Password not accepted. For more information, go to\n5.7.8  https://support.google.com/mail/?p=BadCredentials d9443c01a7336-1ef0b9d16f2sm109313445ad.41 - gsmtp')
ERROR:root:Failed to send email to emilywilson5185@example.com: (535, b'5.7.8 Username and Password not accepted. For more information, go to\n5.7.8  https://support.google.com/mail/?p=BadCredentials d9443c01a7336-1ef0bf31a32sm111880145ad.123 - gsmtp')
ERROR:root:Failed to send email to michaelthomas1261@example.com: (535, b'5.7.8 Username and Password not accepted. For more information, go to\n5.7.8  https://support.google.com/mail/?p=BadCredentials d9443c01a7336-1ef0c15e30fsm110022495ad.272 - gsmtp')
ERROR:root:Failed to send email to sarahsmith0056@example.com: (535, b'5.7.8 Username and Password not accepted. For more information, go to\n5.7.8  https://support.google.com/mail/?p=BadCredentials d9443c01a7336-1ef0c036347sm109492925ad.203 - gsmtp')
ERROR:root:Failed to send email to williamjackson3126@example.com: (535, b'5.7.8 Username and Password not accepted. For more information, go to\n5.7.8  https://support.google.com/mail/?p=BadCredentials 41be03b00d2f7-6340b767e59sm10651875a12.21 - gsmtp')
ERROR:root:Failed to send email to janejones2402@example.com: (535, b'5.7.8 Username and Password not accepted. For more information, go to\n5.7.8  https://support.google.com/mail/?p=BadCredentials 41be03b00d2f7-6533ac6584dsm904656a12.8 - gsmtp')
ERROR:root:Failed to send email to williamanderson4667@example.com: (535, b'5.7.8 Username and Password not accepted. For more information, go to\n5.7.8  https://support.google.com/mail/?p=BadCredentials d9443c01a7336-1ef0b9d168esm109528785ad.32 - gsmtp')
ERROR:root:Failed to send email to michaelbrown3972@example.com: (535, b'5.7.8 Username and Password not accepted. For more information, go to\n5.7.8  https://support.google.com/mail/?p=BadCredentials d9443c01a7336-1ef0b9d1764sm109369075ad.51 - gsmtp')
ERROR:root:Failed to send email to johnjackson1392@example.com: (535, b'5.7.8 Username and Password not accepted. For more information, go to\n5.7.8  https://support.google.com/mail/?p=BadCredentials 41be03b00d2f7-634103f80absm10550710a12.65 - gsmtp')
ERROR:root:Failed to send email to alicesmith9386@example.com: (535, b'5.7.8 Username and Password not accepted. For more information, go to\n5.7.8  https://support.google.com/mail/?p=BadCredentials 98e67ed59e1d1-2b628ca5124sm12725556a91.43 - gsmtp')
ERROR:root:Failed to send email to jamesbrown7332@example.com: (535, b'5.7.8 Username and Password not accepted. For more information, go to\n5.7.8  https://support.google.com/mail/?p=BadCredentials 98e67ed59e1d1-2b628ea6affsm12649890a91.54 - gsmtp')
ERROR:root:Failed to send email to sarahdoe2704@example.com: (535, b'5.7.8 Username and Password not accepted. For more information, go to\n5.7.8  https://support.google.com/mail/?p=BadCredentials d9443c01a7336-1ef0b9d3565sm109030105ad.30 - gsmtp')
ERROR:root:Failed to send email to jamessmith1264@example.com: (535, b'5.7.8 Username and Password not accepted. For more information, go to\n5.7.8  https://support.google.com/mail/?p=BadCredentials d2e1a72fcca58-6f4d2a66579sm10253420b3a.24 - gsmtp')
ERROR:root:Failed to send email to jamestaylor3589@example.com: (535, b'5.7.8 Username and Password not accepted. For more information, go to\n5.7.8  https://support.google.com/mail/?p=BadCredentials 98e67ed59e1d1-2b628849965sm12686982a91.15 - gsmtp')
ERROR:root:Failed to send email to davidjohnson3568@example.com: (535, b'5.7.8 Username and Password not accepted. For more information, go to\n5.7.8  https://support.google.com/mail/?p=BadCredentials 41be03b00d2f7-655045be808sm424174a12.86 - gsmtp')
ERROR:root:Failed to send email to emilyjackson9216@example.com: (535, b'5.7.8 Username and Password not accepted. For more information, go to\n5.7.8  https://support.google.com/mail/?p=BadCredentials d9443c01a7336-1ef0bf30ba3sm108987485ad.127 - gsmtp')
ERROR:root:Failed to send email to janejackson7364@example.com: (535, b'5.7.8 Username and Password not accepted. For more information, go to\n5.7.8  https://support.google.com/mail/?p=BadCredentials d9443c01a7336-1ef0bad6386sm109580845ad.80 - gsmtp')
ERROR:root:Failed to send email to johndoe6025@example.com: (535, b'5.7.8 Username and Password not accepted. For more information, go to\n5.7.8  https://support.google.com/mail/?p=BadCredentials 98e67ed59e1d1-2b67158dd55sm10836791a91.46 - gsmtp')
ERROR:root:Failed to send email to janesmith0042@example.com: (535, b'5.7.8 Username and Password not accepted. For more information, go to\n5.7.8  https://support.google.com/mail/?p=BadCredentials d9443c01a7336-1f06d29dc53sm55512335ad.120 - gsmtp')
ERROR:root:Failed to send email to davidanderson6091@example.com: (535, b'5.7.8 Username and Password not accepted. For more information, go to\n5.7.8  https://support.google.com/mail/?p=BadCredentials 98e67ed59e1d1-2b67158c39dsm10793700a91.35 - gsmtp')
ERROR:root:Failed to send email to janewilson9543@example.com: (535, b'5.7.8 Username and Password not accepted. For more information, go to\n5.7.8  https://support.google.com/mail/?p=BadCredentials 41be03b00d2f7-634103f6e3bsm9286954a12.58 - gsmtp')
ERROR:root:Failed to send email to sarahsmith3854@example.com: (535, b'5.7.8 Username and Password not accepted. For more information, go to\n5.7.8  https://support.google.com/mail/?p=BadCredentials d2e1a72fcca58-6f4d2ae0f10sm10762003b3a.128 - gsmtp')
ERROR:root:Failed to send email to williamjackson3063@example.com: (535, b'5.7.8 Username and Password not accepted. For more information, go to\n5.7.8  https://support.google.com/mail/?p=BadCredentials 98e67ed59e1d1-2b628ea6a83sm12741953a91.56 - gsmtp')
ERROR:root:Failed to send email to johntaylor5964@example.com: (535, b'5.7.8 Username and Password not accepted. For more information, go to\n5.7.8  https://support.google.com/mail/?p=BadCredentials d9443c01a7336-1ef0c160b1asm110141655ad.275 - gsmtp')
ERROR:root:Failed to send email to janebrown9367@example.com: (535, b'5.7.8 Username and Password not accepted. For more information, go to\n5.7.8  https://support.google.com/mail/?p=BadCredentials d9443c01a7336-1f04f703fdesm85551935ad.40 - gsmtp')
ERROR:root:Failed to send email to janebrown3417@example.com: (535, b'5.7.8 Username and Password not accepted. For more information, go to\n5.7.8  https://support.google.com/mail/?p=BadCredentials d9443c01a7336-1ef0c036272sm109205485ad.188 - gsmtp')
ERROR:root:Failed to send email to michaelwilson4082@example.com: (535, b'5.7.8 Username and Password not accepted. For more information, go to\n5.7.8  https://support.google.com/mail/?p=BadCredentials d9443c01a7336-1ef0c15a8fcsm110126815ad.278 - gsmtp')
ERROR:root:Failed to send email to alicejackson7736@example.com: (535, b'5.7.8 Username and Password not accepted. For more information, go to\n5.7.8  https://support.google.com/mail/?p=BadCredentials 98e67ed59e1d1-2b67126ade4sm10892070a91.29 - gsmtp')
ERROR:root:Failed to send email to williamjackson4901@example.com: (535, b'5.7.8 Username and Password not accepted. For more information, go to\n5.7.8  https://support.google.com/mail/?p=BadCredentials d9443c01a7336-1ef0bad6169sm108987565ad.86 - gsmtp')
ERROR:root:Failed to send email to emmaanderson3966@example.com: (535, b'5.7.8 Username and Password not accepted. For more information, go to\n5.7.8  https://support.google.com/mail/?p=BadCredentials d9443c01a7336-1ef0b9d38ddsm109498505ad.47 - gsmtp')
ERROR:root:Failed to send email to emilyjackson1988@example.com: (535, b'5.7.8 Username and Password not accepted. For more information, go to\n5.7.8  https://support.google.com/mail/?p=BadCredentials 41be03b00d2f7-63411346d46sm9253448a12.79 - gsmtp')
ERROR:root:Failed to send email to emilytaylor0161@example.com: (535, b'5.7.8 Username and Password not accepted. For more information, go to\n5.7.8  https://support.google.com/mail/?p=BadCredentials d2e1a72fcca58-6f4d2a6660bsm10291464b3a.8 - gsmtp')
ERROR:root:Failed to send email to johnsmith8970@example.com: (535, b'5.7.8 Username and Password not accepted. For more information, go to\n5.7.8  https://support.google.com/mail/?p=BadCredentials d9443c01a7336-1ef0c035d0esm108962415ad.189 - gsmtp')
ERROR:root:Failed to send email to janebrown1798@example.com: (535, b'5.7.8 Username and Password not accepted. For more information, go to\n5.7.8  https://support.google.com/mail/?p=BadCredentials d9443c01a7336-1ef0c137f14sm109672895ad.259 - gsmtp')
ERROR:root:Failed to send email to sarahthomas0880@example.com: (535, b'5.7.8 Username and Password not accepted. For more information, go to\n5.7.8  https://support.google.com/mail/?p=BadCredentials d2e1a72fcca58-6f4d2ae0b8bsm10255761b3a.131 - gsmtp')
ERROR:root:Failed to send email to emmasmith8709@example.com: (535, b'5.7.8 Username and Password not accepted. For more information, go to\n5.7.8  https://support.google.com/mail/?p=BadCredentials 98e67ed59e1d1-2b62886b72fsm12725527a91.31 - gsmtp')
ERROR:root:Failed to send email to davidtaylor7006@example.com: (535, b'5.7.8 Username and Password not accepted. For more information, go to\n5.7.8  https://support.google.com/mail/?p=BadCredentials d2e1a72fcca58-6f4d2a828a1sm10271437b3a.57 - gsmtp')
ERROR:root:Failed to send email to williamanderson7221@example.com: (535, b'5.7.8 Username and Password not accepted. For more information, go to\n5.7.8  https://support.google.com/mail/?p=BadCredentials 98e67ed59e1d1-2b628861e3bsm12670459a91.23 - gsmtp')
ERROR:root:Failed to send email to emilybrown1532@example.com: (535, b'5.7.8 Username and Password not accepted. For more information, go to\n5.7.8  https://support.google.com/mail/?p=BadCredentials 98e67ed59e1d1-2b67105666csm10872406a91.8 - gsmtp')
ERROR:root:Failed to send email to williamwilson1723@example.com: (535, b'5.7.8 Username and Password not accepted. For more information, go to\n5.7.8  https://support.google.com/mail/?p=BadCredentials 98e67ed59e1d1-2b671782d89sm10792378a91.55 - gsmtp')
ERROR:root:Failed to send email to sarahdoe1479@example.com: (535, b'5.7.8 Username and Password not accepted. For more information, go to\n5.7.8  https://support.google.com/mail/?p=BadCredentials d2e1a72fcca58-6f4d2a66428sm10278630b3a.27 - gsmtp')
ERROR:root:Failed to send email to davidwilson1096@example.com: (535, b'5.7.8 Username and Password not accepted. For more information, go to\n5.7.8  https://support.google.com/mail/?p=BadCredentials d2e1a72fcca58-6f669b7d58dsm2460294b3a.105 - gsmtp')
ERROR:root:Failed to send email to michaelwilson2411@example.com: (535, b'5.7.8 Username and Password not accepted. For more information, go to\n5.7.8  https://support.google.com/mail/?p=BadCredentials d9443c01a7336-1ef0c1368desm110011025ad.233 - gsmtp')
ERROR:root:Failed to send email to janesmith1211@example.com: (535, b'5.7.8 Username and Password not accepted. For more information, go to\n5.7.8  https://support.google.com/mail/?p=BadCredentials d9443c01a7336-1ef0b9d35fcsm111860295ad.25 - gsmtp')
ERROR:root:Failed to send email to michaelwilson7940@example.com: (535, b'5.7.8 Username and Password not accepted. For more information, go to\n5.7.8  https://support.google.com/mail/?p=BadCredentials d2e1a72fcca58-6f4d2a828acsm10251897b3a.49 - gsmtp')
ERROR:root:Failed to send email to davidsmith1201@example.com: (535, b'5.7.8 Username and Password not accepted. For more information, go to\n5.7.8  https://support.google.com/mail/?p=BadCredentials 98e67ed59e1d1-2b670647c39sm11990802a91.0 - gsmtp')
ERROR:root:Failed to send email to johnsmith1178@example.com: (535, b'5.7.8 Username and Password not accepted. For more information, go to\n5.7.8  https://support.google.com/mail/?p=BadCredentials 41be03b00d2f7-63a917264d6sm7667302a12.73 - gsmtp')
ERROR:root:Failed to send email to jamestaylor7476@example.com: (535, b'5.7.8 Username and Password not accepted. For more information, go to\n5.7.8  https://support.google.com/mail/?p=BadCredentials d9443c01a7336-1ef0b9d173fsm109589935ad.48 - gsmtp')
ERROR:root:Failed to send email to michaeljackson0771@example.com: (535, b'5.7.8 Username and Password not accepted. For more information, go to\n5.7.8  https://support.google.com/mail/?p=BadCredentials d9443c01a7336-1ef0c139302sm110046155ad.270 - gsmtp')
ERROR:root:Failed to send email to emilyjohnson8797@example.com: (535, b'5.7.8 Username and Password not accepted. For more information, go to\n5.7.8  https://support.google.com/mail/?p=BadCredentials 41be03b00d2f7-634103f6e2dsm9193131a12.61 - gsmtp')
ERROR:root:Failed to send email to emilyjones4070@example.com: (535, b'5.7.8 Username and Password not accepted. For more information, go to\n5.7.8  https://support.google.com/mail/?p=BadCredentials d2e1a72fcca58-6f4d2af2b30sm10619786b3a.146 - gsmtp')
ERROR:root:Failed to send email to alicejackson1031@example.com: (535, b'5.7.8 Username and Password not accepted. For more information, go to\n5.7.8  https://support.google.com/mail/?p=BadCredentials d9443c01a7336-1ef0b9d16f2sm109369155ad.41 - gsmtp')
ERROR:root:Failed to send email to michaeljackson4283@example.com: (535, b'5.7.8 Username and Password not accepted. For more information, go to\n5.7.8  https://support.google.com/mail/?p=BadCredentials d2e1a72fcca58-6f4d2a9d94csm10619220b3a.95 - gsmtp')
ERROR:root:Failed to send email to alicetaylor9476@example.com: (535, b'5.7.8 Username and Password not accepted. For more information, go to\n5.7.8  https://support.google.com/mail/?p=BadCredentials d9443c01a7336-1ef0c036347sm109547855ad.203 - gsmtp')
ERROR:root:Failed to send email to alicewilson3872@example.com: (535, b'5.7.8 Username and Password not accepted. For more information, go to\n5.7.8  https://support.google.com/mail/?p=BadCredentials 41be03b00d2f7-634103f67f3sm10688081a12.62 - gsmtp')
ERROR:root:Failed to send email to jamesjones4301@example.com: (535, b'5.7.8 Username and Password not accepted. For more information, go to\n5.7.8  https://support.google.com/mail/?p=BadCredentials d9443c01a7336-1ef0c13873esm109582435ad.266 - gsmtp')
ERROR:root:Failed to send email to jamesthomas2963@example.com: (535, b'5.7.8 Username and Password not accepted. For more information, go to\n5.7.8  https://support.google.com/mail/?p=BadCredentials d9443c01a7336-1ef0bf32f9dsm109450385ad.166 - gsmtp')
ERROR:root:Failed to send email to johntaylor6612@example.com: (535, b'5.7.8 Username and Password not accepted. For more information, go to\n5.7.8  https://support.google.com/mail/?p=BadCredentials 41be03b00d2f7-6340a449f36sm10785063a12.7 - gsmtp')
ERROR:root:Failed to send email to williamwilson7070@example.com: (535, b'5.7.8 Username and Password not accepted. For more information, go to\n5.7.8  https://support.google.com/mail/?p=BadCredentials d2e1a72fcca58-6f4d2af2969sm10204405b3a.152 - gsmtp')
ERROR:root:Failed to send email to jamestaylor3324@example.com: (535, b'5.7.8 Username and Password not accepted. For more information, go to\n5.7.8  https://support.google.com/mail/?p=BadCredentials d9443c01a7336-1ef0c138fa2sm109590045ad.261 - gsmtp')
ERROR:root:Failed to send email to sarahjackson2084@example.com: (535, b'5.7.8 Username and Password not accepted. For more information, go to\n5.7.8  https://support.google.com/mail/?p=BadCredentials d9443c01a7336-1ef0bf30fa3sm109408245ad.147 - gsmtp')
ERROR:root:Failed to send email to alicethomas9011@example.com: (535, b'5.7.8 Username and Password not accepted. For more information, go to\n5.7.8  https://support.google.com/mail/?p=BadCredentials d9443c01a7336-1f09363ac7dsm5260495ad.93 - gsmtp')
ERROR:root:Failed to send email to alicejohnson2511@example.com: (535, b'5.7.8 Username and Password not accepted. For more information, go to\n5.7.8  https://support.google.com/mail/?p=BadCredentials d2e1a72fcca58-6f4d2b2648fsm10296137b3a.189 - gsmtp')
ERROR:root:Failed to send email to alicesmith3650@example.com: (535, b'5.7.8 Username and Password not accepted. For more information, go to\n5.7.8  https://support.google.com/mail/?p=BadCredentials 98e67ed59e1d1-2b6c51b3482sm9377234a91.20 - gsmtp')
ERROR:root:Failed to send email to jamesthomas4029@example.com: (535, b'5.7.8 Username and Password not accepted. For more information, go to\n5.7.8  https://support.google.com/mail/?p=BadCredentials d9443c01a7336-1ef0c0355fasm108896305ad.186 - gsmtp')
ERROR:root:Failed to send email to sarahbrown1048@example.com: (535, b'5.7.8 Username and Password not accepted. For more information, go to\n5.7.8  https://support.google.com/mail/?p=BadCredentials 41be03b00d2f7-6341180dc5csm9179079a12.93 - gsmtp')
ERROR:root:Failed to send email to sarahwilson4537@example.com: (535, b'5.7.8 Username and Password not accepted. For more information, go to\n5.7.8  https://support.google.com/mail/?p=BadCredentials d9443c01a7336-1ef0b9d47e0sm109647445ad.5 - gsmtp')
ERROR:root:Failed to send email to janesmith5040@example.com: (535, b'5.7.8 Username and Password not accepted. For more information, go to\n5.7.8  https://support.google.com/mail/?p=BadCredentials d2e1a72fcca58-6f4d6b71760sm10233313b3a.97 - gsmtp')
ERROR:root:Failed to send email to davidjones8353@example.com: (535, b'5.7.8 Username and Password not accepted. For more information, go to\n5.7.8  https://support.google.com/mail/?p=BadCredentials d9443c01a7336-1ef0c160791sm110038675ad.273 - gsmtp')
ERROR:root:Failed to send email to williamsmith0921@example.com: (535, b'5.7.8 Username and Password not accepted. For more information, go to\n5.7.8  https://support.google.com/mail/?p=BadCredentials d2e1a72fcca58-6f4d2b2f9c5sm10274516b3a.193 - gsmtp')
ERROR:root:Failed to send email to daviddoe3693@example.com: (535, b'5.7.8 Username and Password not accepted. For more information, go to\n5.7.8  https://support.google.com/mail/?p=BadCredentials d9443c01a7336-1ef0c13873esm109599365ad.266 - gsmtp')
ERROR:root:Failed to send email to alicejohnson6541@example.com: (535, b'5.7.8 Username and Password not accepted. For more information, go to\n5.7.8  https://support.google.com/mail/?p=BadCredentials d9443c01a7336-1ef0bada431sm109573085ad.100 - gsmtp')
ERROR:root:Failed to send email to michaeljohnson0704@example.com: (535, b'5.7.8 Username and Password not accepted. For more information, go to\n5.7.8  https://support.google.com/mail/?p=BadCredentials d2e1a72fcca58-6f4d2a8280csm10307782b3a.61 - gsmtp')
ERROR:root:Failed to send email to jamesbrown2504@example.com: (535, b'5.7.8 Username and Password not accepted. For more information, go to\n5.7.8  https://support.google.com/mail/?p=BadCredentials d9443c01a7336-1ef0c16134asm108971445ad.280 - gsmtp')
ERROR:root:Failed to send email to jamesanderson1282@example.com: (535, b'5.7.8 Username and Password not accepted. For more information, go to\n5.7.8  https://support.google.com/mail/?p=BadCredentials d9443c01a7336-1ef0bf33105sm112238495ad.167 - gsmtp')
ERROR:root:Failed to send email to sarahtaylor8414@example.com: (535, b'5.7.8 Username and Password not accepted. For more information, go to\n5.7.8  https://support.google.com/mail/?p=BadCredentials d2e1a72fcca58-6f4d2af2a8dsm10297581b3a.154 - gsmtp')
ERROR:root:Failed to send email to johnthomas5751@example.com: (535, b'5.7.8 Username and Password not accepted. For more information, go to\n5.7.8  https://support.google.com/mail/?p=BadCredentials 98e67ed59e1d1-2b6c51b59fesm9307424a91.48 - gsmtp')
ERROR:root:Failed to send email to williamthomas7438@example.com: (535, b'5.7.8 Username and Password not accepted. For more information, go to\n5.7.8  https://support.google.com/mail/?p=BadCredentials 41be03b00d2f7-63da388090esm6560597a12.45 - gsmtp')
ERROR:root:Failed to send email to williamwilson7186@example.com: (535, b'5.7.8 Username and Password not accepted. For more information, go to\n5.7.8  https://support.google.com/mail/?p=BadCredentials d2e1a72fcca58-6f677a20c6bsm395733b3a.129 - gsmtp')
ERROR:root:Failed to send email to williamthomas8206@example.com: (535, b'5.7.8 Username and Password not accepted. For more information, go to\n5.7.8  https://support.google.com/mail/?p=BadCredentials d9443c01a7336-1ef0c1536b0sm109949825ad.277 - gsmtp')
ERROR:root:Failed to send email to alicesmith4392@example.com: (535, b'5.7.8 Username and Password not accepted. For more information, go to\n5.7.8  https://support.google.com/mail/?p=BadCredentials d9443c01a7336-1ef0bad819csm109504755ad.84 - gsmtp')
ERROR:root:Failed to send email to emilysmith4898@example.com: (535, b'5.7.8 Username and Password not accepted. For more information, go to\n5.7.8  https://support.google.com/mail/?p=BadCredentials 98e67ed59e1d1-2b628861725sm14014561a91.22 - gsmtp')
ERROR:root:Failed to send email to jamesjohnson3312@example.com: (535, b'5.7.8 Username and Password not accepted. For more information, go to\n5.7.8  https://support.google.com/mail/?p=BadCredentials d9443c01a7336-1ef0b9d18basm109550155ad.57 - gsmtp')
ERROR:root:Failed to send email to davidthomas0112@example.com: (535, b'5.7.8 Username and Password not accepted. For more information, go to\n5.7.8  https://support.google.com/mail/?p=BadCredentials d2e1a72fcca58-6f4d2b26cf5sm10246287b3a.195 - gsmtp')
ERROR:root:Failed to send email to emmathomas7583@example.com: (535, b'5.7.8 Username and Password not accepted. For more information, go to\n5.7.8  https://support.google.com/mail/?p=BadCredentials d2e1a72fcca58-6f4d2a664dbsm10277898b3a.7 - gsmtp')
ERROR:root:Failed to send email to michaeljohnson5845@example.com: (535, b'5.7.8 Username and Password not accepted. For more information, go to\n5.7.8  https://support.google.com/mail/?p=BadCredentials d2e1a72fcca58-6f4d2b301d3sm10265767b3a.205 - gsmtp')
ERROR:root:Failed to send email to davidwilson6620@example.com: (535, b'5.7.8 Username and Password not accepted. For more information, go to\n5.7.8  https://support.google.com/mail/?p=BadCredentials d9443c01a7336-1ef0c25628esm108916265ad.288 - gsmtp')
ERROR:root:Failed to send email to sarahjackson6466@example.com: (535, b'5.7.8 Username and Password not accepted. For more information, go to\n5.7.8  https://support.google.com/mail/?p=BadCredentials d9443c01a7336-1ef0bf33105sm112252695ad.167 - gsmtp')
ERROR:root:Failed to send email to michaeldoe1242@example.com: (535, b'5.7.8 Username and Password not accepted. For more information, go to\n5.7.8  https://support.google.com/mail/?p=BadCredentials d2e1a72fcca58-6f4d2b304e3sm10287571b3a.218 - gsmtp')
ERROR:root:Failed to send email to michaelbrown0342@example.com: (535, b'5.7.8 Username and Password not accepted. For more information, go to\n5.7.8  https://support.google.com/mail/?p=BadCredentials d9443c01a7336-1ef0c037cf9sm109381085ad.211 - gsmtp')
ERROR:root:Failed to send email to michaeljackson3177@example.com: (535, b'5.7.8 Username and Password not accepted. For more information, go to\n5.7.8  https://support.google.com/mail/?p=BadCredentials d9443c01a7336-1ef0b9d1729sm109009205ad.33 - gsmtp')
ERROR:root:Failed to send email to emilyanderson4277@example.com: (535, b'5.7.8 Username and Password not accepted. For more information, go to\n5.7.8  https://support.google.com/mail/?p=BadCredentials d9443c01a7336-1ef0c264e68sm109682515ad.302 - gsmtp')
ERROR:root:Failed to send email to daviddoe6991@example.com: (535, b'5.7.8 Username and Password not accepted. For more information, go to\n5.7.8  https://support.google.com/mail/?p=BadCredentials d2e1a72fcca58-6f4d2a86bb9sm10272617b3a.83 - gsmtp')
ERROR:root:Failed to send email to alicejackson3958@example.com: (535, b'5.7.8 Username and Password not accepted. For more information, go to\n5.7.8  https://support.google.com/mail/?p=BadCredentials 98e67ed59e1d1-2b695f8d058sm9908494a91.2 - gsmtp')
ERROR:root:Failed to send email to sarahthomas3549@example.com: (535, b'5.7.8 Username and Password not accepted. For more information, go to\n5.7.8  https://support.google.com/mail/?p=BadCredentials 98e67ed59e1d1-2b628ca4eaasm12725217a91.39 - gsmtp')
ERROR:root:Failed to send email to emilythomas4965@example.com: Connection unexpectedly closed
ERROR:root:Failed to send email to davidanderson4576@example.com: [WinError 10060] A connection attempt failed because the connected party did not properly respond after a period of time, or established connection failed because connected host has failed to respond
ERROR:root:Failed to send email to williamsmith4717@example.com: [Errno 11001] getaddrinfo failed
ERROR:root:Failed to send email to emmajohnson8646@example.com: [Errno 11001] getaddrinfo failed
ERROR:root:Failed to send email to davidjohnson1193@example.com: [Errno 11001] getaddrinfo failed
ERROR:root:Failed to send email to alicebrown5408@example.com: [Errno 11001] getaddrinfo failed
ERROR:root:Failed to send email to williamjohnson1975@example.com: [Errno 11001] getaddrinfo failed
ERROR:root:Failed to send email to michaelanderson6250@example.com: [Errno 11001] getaddrinfo failed
ERROR:root:Failed to send email to janeanderson0115@example.com: [Errno 11001] getaddrinfo failed
ERROR:root:Failed to send email to emilybrown9877@example.com: [Errno 11001] getaddrinfo failed
ERROR:root:Failed to send email to alicethomas2409@example.com: [Errno 11001] getaddrinfo failed
ERROR:root:Failed to send email to williamdoe0442@example.com: [Errno 11001] getaddrinfo failed
ERROR:root:Failed to send email to emilysmith4262@example.com: [Errno 11001] getaddrinfo failed
ERROR:root:Failed to send email to emmathomas9955@example.com: [Errno 11001] getaddrinfo failed
ERROR:root:Failed to send email to emmawilson2820@example.com: [Errno 11001] getaddrinfo failed
ERROR:root:Failed to send email to alicethomas2414@example.com: [Errno 11001] getaddrinfo failed
ERROR:root:Failed to send email to johnanderson5189@example.com: [Errno 11001] getaddrinfo failed
ERROR:root:Failed to send email to davidjones4704@example.com: [Errno 11001] getaddrinfo failed
ERROR:root:Failed to send email to michaeldoe3722@example.com: [Errno 11001] getaddrinfo failed
ERROR:root:Failed to send email to michaelsmith6987@example.com: [Errno 11001] getaddrinfo failed
ERROR:root:Failed to send email to janedoe3781@example.com: [Errno 11001] getaddrinfo failed
ERROR:root:Failed to send email to emmajackson0522@example.com: [Errno 11001] getaddrinfo failed
ERROR:root:Failed to send email to janejackson4303@example.com: [Errno 11001] getaddrinfo failed
ERROR:root:Failed to send email to davidanderson2881@example.com: [Errno 11001] getaddrinfo failed
ERROR:root:Failed to send email to alicejackson9504@example.com: [Errno 11001] getaddrinfo failed
ERROR:root:Failed to send email to jamesanderson4020@example.com: [Errno 11001] getaddrinfo failed
ERROR:root:Failed to send email to williamjackson3128@example.com: [Errno 11001] getaddrinfo failed
ERROR:root:Failed to send email to jamesbrown7516@example.com: [Errno 11001] getaddrinfo failed
ERROR:root:Failed to send email to williamwilson1774@example.com: [Errno 11001] getaddrinfo failed
ERROR:root:Failed to send email to alicetaylor4945@example.com: [Errno 11001] getaddrinfo failed
ERROR:root:Failed to send email to williamtaylor6488@example.com: [Errno 11001] getaddrinfo failed
ERROR:root:Failed to send email to emmasmith8334@example.com: [Errno 11001] getaddrinfo failed
ERROR:root:Failed to send email to williamsmith6295@example.com: [Errno 11001] getaddrinfo failed
ERROR:root:Failed to send email to johnbrown0366@example.com: [Errno 11001] getaddrinfo failed
ERROR:root:Failed to send email to jamesjackson2442@example.com: [Errno 11001] getaddrinfo failed
ERROR:root:Failed to send email to jamesjackson4593@example.com: [Errno 11001] getaddrinfo failed
ERROR:root:Failed to send email to sarahjones1340@example.com: [Errno 11001] getaddrinfo failed
ERROR:root:Failed to send email to jameswilson4943@example.com: [Errno 11001] getaddrinfo failed
ERROR:root:Failed to send email to davidbrown0196@example.com: [Errno 11001] getaddrinfo failed
ERROR:root:Failed to send email to williamdoe9760@example.com: [Errno 11001] getaddrinfo failed
ERROR:root:Failed to send email to johnjohnson8051@example.com: [Errno 11001] getaddrinfo failed
ERROR:root:Failed to send email to emmataylor5266@example.com: [Errno 11001] getaddrinfo failed
ERROR:root:Failed to send email to williamwilson0899@example.com: [Errno 11001] getaddrinfo failed
ERROR:root:Failed to send email to williamjackson4272@example.com: [Errno 11001] getaddrinfo failed
ERROR:root:Failed to send email to sarahsmith2080@example.com: [Errno 11001] getaddrinfo failed
ERROR:root:Failed to send email to emmajones2794@example.com: [Errno 11001] getaddrinfo failed
ERROR:root:Failed to send email to williambrown9603@example.com: [Errno 11001] getaddrinfo failed
